<?xml version="1.0" encoding="UTF-8"?>
<!-- Generated by org.testng.reporters.JUnitReportReporter -->
<testsuite hostname="DESKTOP-5USFQ8E" failures="0" tests="1" name="AddOneRandomItem" time="22.207" errors="0" timestamp="2024-03-12T19:56:51 EET" skipped="0">
  <testcase classname="AddOneRandomItem" name="AddOneRandomItemToThecart" time="22.207"/>
  <system-out/>
</testsuite> <!-- AddOneRandomItem -->
