<?xml version="1.0" encoding="UTF-8"?>
<!-- Generated by org.testng.reporters.JUnitReportReporter -->
<testsuite hostname="DESKTOP-5USFQ8E" failures="0" tests="3" name="AddOneRandomItem" time="22.537" errors="0" timestamp="2024-03-14T00:02:30 EET" skipped="0">
  <testcase classname="AddOneRandomItem" name="AddOneRandomItemToThecart" time="9.152"/>
  <system-out/>
  <testcase classname="AddOneRandomItem" name="CheckOutProcess" time="10.548"/>
  <system-out/>
  <testcase classname="AddOneRandomItem" name="SignupProcess" time="2.837"/>
  <system-out/>
</testsuite> <!-- AddOneRandomItem -->
